Build started 2015-05-28 오후 3:45:10.
     1>Project "C:\Users\Administrator\Documents\Visual Studio 2013\Projects\Algospot\AlgorithmTraining\AlgorithmTraining.vcxproj" on node 2 (Build target(s)).
     1>ClCompile:
         C:\Program Files (x86)\Microsoft Visual Studio 12.0\VC\bin\CL.exe /c /ZI /nologo /W3 /WX- /sdl /Od /Oy- /D _MBCS /D _MBCS /D _CRT_SECURE_NO_WARNINGS /Gm /EHsc /RTC1 /MDd /GS /Zc:wchar_t /Zc:forScope /Fo"Debug\\" /Fd"Debug\vc120.pdb" /Gd /TP /analyze- /errorReport:prompt 1Dictionary.cpp 2Fence.cpp 3Festival.cpp
         3Festival.cpp
     1>c:\users\administrator\documents\visual studio 2013\projects\algospot\algorithmtraining\3festival.cpp(78): warning C4244: '=' : conversion from 'double' to 'int', possible loss of data
         2Fence.cpp
         1Dictionary.cpp
     1>c:\users\administrator\documents\visual studio 2013\projects\algospot\algorithmtraining\1dictionary.cpp(74): warning C4018: '<' : signed/unsigned mismatch
     1>c:\users\administrator\documents\visual studio 2013\projects\algospot\algorithmtraining\1dictionary.cpp(143): warning C4018: '<' : signed/unsigned mismatch
     1>c:\users\administrator\documents\visual studio 2013\projects\algospot\algorithmtraining\1dictionary.cpp(147): warning C4018: '<' : signed/unsigned mismatch
         Generating Code...
       Link:
         C:\Program Files (x86)\Microsoft Visual Studio 12.0\VC\bin\link.exe /ERRORREPORT:PROMPT /OUT:"C:\Users\Administrator\Documents\Visual Studio 2013\Projects\Algospot\Debug\AlgorithmTraining.exe" /INCREMENTAL /NOLOGO kernel32.lib user32.lib gdi32.lib winspool.lib comdlg32.lib advapi32.lib shell32.lib ole32.lib oleaut32.lib uuid.lib odbc32.lib odbccp32.lib /MANIFEST /MANIFESTUAC:"level='asInvoker' uiAccess='false'" /manifest:embed /DEBUG /PDB:"C:\Users\Administrator\Documents\Visual Studio 2013\Projects\Algospot\Debug\AlgorithmTraining.pdb" /TLBID:1 /DYNAMICBASE /NXCOMPAT /IMPLIB:"C:\Users\Administrator\Documents\Visual Studio 2013\Projects\Algospot\Debug\AlgorithmTraining.lib" /MACHINE:X86 Debug\1Dictionary.obj
         Debug\2Fence.obj
         Debug\3Festival.obj
         AlgorithmTraining.vcxproj -> C:\Users\Administrator\Documents\Visual Studio 2013\Projects\Algospot\Debug\AlgorithmTraining.exe
     1>Done Building Project "C:\Users\Administrator\Documents\Visual Studio 2013\Projects\Algospot\AlgorithmTraining\AlgorithmTraining.vcxproj" (Build target(s)).

Build succeeded.

Time Elapsed 00:00:01.35
